info: Jun-22-2023 17:35:53: 	Server Started on http://localhost/5000
info: Jun-22-2023 17:37:53: 	201 - Author Created - 6494399972475cd20e910838
info: Jun-22-2023 17:40:00: 	201 - Log Created: Author Likes ', 
info: Jun-22-2023 17:46:25: 	Server Started on http://localhost/5000
info: Jun-22-2023 17:50:00: 	201 - Log Created: Author Likes, 
info: Jun-22-2023 17:55:00: 	201 - Log Created: Author Likes, 
info: Jun-22-2023 18:00:00: 	201 - Log Created: Author Likes, 
info: Jun-22-2023 18:05:00: 	201 - Log Created: Author Likes, 
error: Jun-22-2023 18:07:00: 	404 - Author Not Found - Id: undefined
info: Jun-22-2023 18:10:00: 	201 - Log Created: Author Likes, 
error: Jun-22-2023 18:10:18: 	404 - Author Not Found - Id: undefined
error: Jun-22-2023 18:10:28: 	404 - Author Not Found - Id: undefined
error: Jun-22-2023 18:11:55: 	404 - Author Not Found - Id: undefined
error: Jun-22-2023 18:12:13: 	404 - Author Not Found - Id: undefined
error: Jun-22-2023 18:13:44: 	500 - undefined - Book validation failed: title: Only alphanumerics are accepted for title - /books?title=Madol%20Doova&category=Children&ISBN=9558415049&author=%2764941d792d66368537def9e0%27 - POST - ::1
info: Jun-22-2023 18:15:00: 	201 - Log Created: Author Likes, 
error: Jun-22-2023 18:17:34: 	500 - undefined - Book validation failed: title: Only alphanumerics are accepted for title - /books?title=Madol%20Doova&category=Children&ISBN=9558415049&author=%2764941d792d66368537def9e0%27 - POST - ::1
info: Jun-22-2023 18:18:15: 	201 - Book Created - Id: 6494430feb4207e93158d054
info: Jun-22-2023 18:20:00: 	201 - Log Created: Author Likes, 
info: Jun-22-2023 18:22:08: 	201 - Book Created - Id: 649443f8eb4207e93158d05a
info: Jun-22-2023 18:25:00: 	201 - Log Created: Author Likes, 
info: Jun-22-2023 18:27:45: 	Server Started on http://localhost/5000
info: Jun-22-2023 18:30:00: 	201 - Log Created: Author Likes, 
info: Jun-22-2023 18:35:00: 	201 - Log Created: Author Likes, 
info: Jun-22-2023 18:40:00: 	201 - Log Created: Author Likes, 
info: Jun-22-2023 18:45:00: 	201 - Log Created: Author Likes, 
info: Jun-22-2023 18:50:01: 	201 - Log Created: Author Likes, 
info: Jun-22-2023 18:52:31: 	Server Started on http://localhost/5000
info: Jun-22-2023 18:55:00: 	201 - Log Created: Author Likes
info: Jun-22-2023 19:00:00: 	201 - Log Created: Author Likes
info: Jun-22-2023 19:00:33: 	Server Started on http://localhost/5000
info: Jun-22-2023 19:05:00: 	201 - Log Created: Author Likes
info: Jun-22-2023 19:08:46: 	Server Started on http://localhost/5000
info: Jun-22-2023 19:10:00: 	201 - Log Created: Author Likes
info: Jun-22-2023 19:15:00: 	201 - Log Created: Author Likes
info: Jun-22-2023 19:20:00: 	201 - Log Created: Author Likes
info: Jun-22-2023 19:23:29: 	200 - User Liked a Book - BookId: 649443f8eb4207e93158d05a
info: Jun-22-2023 19:24:07: 	200 - Book Query Successful - 649443f8eb4207e93158d05a
info: Jun-22-2023 19:29:09: 	Server Started on http://localhost/5000
info: Jun-22-2023 19:30:00: 	201 - Log Created: Author Likes
info: Jun-22-2023 19:32:36: 	Server Started on http://localhost/5000
info: Jun-22-2023 19:35:00: 	201 - Log Created: Author Likes
info: Jun-22-2023 19:39:34: 	Server Started on http://localhost/5000
info: Jun-22-2023 19:40:00: 	201 - Log Created: Author Likes
info: Jun-22-2023 19:45:00: 	201 - Log Created: Author Likes
info: Jun-22-2023 19:50:01: 	201 - Log Created: Author Likes
info: Jun-22-2023 19:53:20: 	Server Started on http://localhost/5000
info: Jun-22-2023 19:55:00: 	201 - Log Created: Author Likes
info: Jun-22-2023 20:00:00: 	201 - Log Created: Author Likes
info: Jun-22-2023 20:01:21: 	Server Started on http://localhost/5000
info: Jun-22-2023 20:02:00: 	201 - Log Created: Author Likes
info: Jun-22-2023 20:03:00: 	201 - Log Created: Author Likes
info: Jun-22-2023 20:04:00: 	201 - Log Created: Author Likes
info: Jun-22-2023 20:05:00: 	201 - Log Created: Author Likes
info: Jun-22-2023 20:06:00: 	201 - Log Created: Author Likes
info: Jun-22-2023 20:07:00: 	201 - Log Created: Author Likes
info: Jun-22-2023 20:07:54: 	Server Started on http://localhost/5000
info: Jun-22-2023 20:08:00: 	201 - Log Created: Author Likes
info: Jun-22-2023 20:09:00: 	201 - Log Created: Author Likes
info: Jun-22-2023 20:10:00: 	201 - Log Created: Author Likes
info: Jun-22-2023 20:11:00: 	201 - Log Created: Author Likes
info: Jun-22-2023 20:13:00: 	201 - Log Created: Author Likes
info: Jun-22-2023 20:14:00: 	201 - Log Created: Author Likes
info: Jun-22-2023 20:15:00: 	201 - Log Created: Author Likes
info: Jun-22-2023 20:16:00: 	201 - Log Created: Author Likes
info: Jun-22-2023 20:17:00: 	201 - Log Created: Author Likes
info: Jun-22-2023 20:17:54: 	Server Started on http://localhost/5000
info: Jun-22-2023 20:18:00: 	201 - Log Created: Author Likes
info: Jun-22-2023 20:19:00: 	201 - Log Created: Author Likes
info: Jun-22-2023 20:19:56: 	Server Started on http://localhost/5000
info: Jun-22-2023 20:20:00: 	201 - Log Created: Author Likes
info: Jun-22-2023 20:21:00: 	201 - Log Created: Author Likes
info: Jun-22-2023 20:22:00: 	201 - Log Created: Author Likes
info: Jun-22-2023 20:22:28: 	Server Started on http://localhost/5000
info: Jun-22-2023 20:23:00: 	201 - Log Created: Author Likes
info: Jun-22-2023 20:24:00: 	201 - Log Created: Author Likes
info: Jun-22-2023 20:25:01: 	201 - Log Created: Author Likes
info: Jun-22-2023 20:26:00: 	201 - Log Created: Author Likes
info: Jun-22-2023 20:27:00: 	201 - Log Created: Author Likes
info: Jun-22-2023 20:28:00: 	201 - Log Created: Author Likes
info: Jun-22-2023 20:29:00: 	201 - Log Created: Author Likes
info: Jun-22-2023 20:30:00: 	201 - Log Created: Author Likes
info: Jun-22-2023 20:31:00: 	201 - Log Created: Author Likes
info: Jun-22-2023 20:32:00: 	201 - Log Created: Author Likes
info: Jun-22-2023 20:33:00: 	201 - Log Created: Author Likes
info: Jun-22-2023 20:34:00: 	201 - Log Created: Author Likes
info: Jun-22-2023 20:35:00: 	201 - Log Created: Author Likes
info: Jun-22-2023 20:36:25: 	Server Started on http://localhost/5000
info: Jun-22-2023 20:37:37: 	Server Started on http://localhost/5000
info: Jun-22-2023 20:40:00: 	201 - Log Created: Author Likes Count
info: Jun-22-2023 20:45:00: 	201 - Log Created: Author Likes Count
info: Jun-22-2023 20:50:00: 	201 - Log Created: Author Likes Count
info: Jun-22-2023 20:55:00: 	201 - Log Created: Author Likes Count
info: Jun-22-2023 21:00:00: 	201 - Log Created: Author Likes Count
info: Jun-22-2023 21:05:00: 	201 - Log Created: Author Likes Count
info: Jun-22-2023 21:10:00: 	201 - Log Created: Author Likes Count
info: Jun-22-2023 21:20:00: 	201 - Log Created: Author Likes Count
info: Jun-22-2023 21:25:00: 	201 - Log Created: Author Likes Count
info: Jun-22-2023 21:30:00: 	201 - Log Created: Author Likes Count
info: Jun-22-2023 21:35:00: 	201 - Log Created: Author Likes Count
info: Jun-22-2023 21:40:00: 	201 - Log Created: Author Likes Count
info: Jun-22-2023 21:45:00: 	201 - Log Created: Author Likes Count
info: Jun-22-2023 21:50:00: 	201 - Log Created: Author Likes Count
info: Jun-22-2023 21:55:00: 	201 - Log Created: Author Likes Count
info: Jun-22-2023 22:00:00: 	201 - Log Created: Author Likes Count
info: Jun-22-2023 22:13:44: 	Server Started on http://localhost/5000
info: Jun-22-2023 22:15:00: 	201 - Log Created: Author Likes Count
info: Jun-22-2023 22:18:11: 	201 - Book Created - Gamperaliya - Id: 64947b4b21b3bbaf16ba0031
info: Jun-22-2023 22:20:00: 	201 - Log Created: Author Likes Count
info: Jun-22-2023 22:25:00: 	201 - Log Created: Author Likes Count
info: Jun-22-2023 22:30:00: 	201 - Log Created: Author Likes Count
info: Jun-22-2023 22:35:00: 	201 - Log Created: Author Likes Count
info: Jun-22-2023 23:35:45: 	Server Started on http://localhost/5000
info: Jun-22-2023 23:42:43: 	Server Started on http://localhost/5000
info: Jun-22-2023 23:43:14: 	Server Started on http://localhost/5000
info: Jun-22-2023 23:51:21: 	Server Started on http://localhost/5000
info: Jun-22-2023 23:54:47: 	Server Started on http://localhost/5000
info: Jun-23-2023 00:05:34: 	Server Started on http://localhost/5000
info: Jun-23-2023 00:08:41: 	Server Started on http://localhost/5000
info: Jun-23-2023 00:09:30: 	Server Started on http://localhost/5000
info: Jun-23-2023 00:10:26: 	Server Started on http://localhost/5000
info: Jun-23-2023 00:14:29: 	Server Started on http://localhost/5000
info: Jun-23-2023 00:17:19: 	Server Started on http://localhost/5000
info: Jun-23-2023 00:17:42: 	Server Started on http://localhost/5000
info: Jun-23-2023 09:03:37: 	Server Started on http://localhost/5000
info: Jun-23-2023 09:04:00: 	Server Started on http://localhost/5000
info: Jun-23-2023 09:05:01: 	201 - Log Created: Author Likes Count
info: Jun-23-2023 09:10:00: 	201 - Log Created: Author Likes Count
info: Jun-23-2023 09:13:43: 	201 - Author Created - RK Narayan - Id: 649514ee3d52865509452c21
info: Jun-23-2023 09:15:00: 	201 - Log Created: Author Likes Count
info: Jun-23-2023 09:19:05: 	201 - Book Created - TheVendorOfSweets - Id: 649516303d52865509452c28
info: Jun-23-2023 09:20:00: 	201 - Log Created: Author Likes Count
info: Jun-23-2023 09:25:00: 	201 - Log Created: Author Likes Count
info: Jun-23-2023 09:26:39: 	200 - Book Query Successful - 649516303d52865509452c28
info: Jun-23-2023 09:30:00: 	201 - Log Created: Author Likes Count
info: Jun-23-2023 09:32:37: 	200 - User Liked a Book - BookId: 649516303d52865509452c28
info: Jun-23-2023 09:35:01: 	201 - Log Created: Author Likes Count
info: Jun-23-2023 09:40:00: 	201 - Log Created: Author Likes Count
